# JRE version: 7.0_09-b05
# Java VM: Java HotSpot(TM) 64-Bit Server VM (23.5-b02 mixed mode windows-amd64 compressed oops)
Heap
 PSYoungGen      total 34368K, used 20619K [0x00000000eb600000, 0x00000000eda20000, 0x0000000100000000)
  eden space 31744K, 56% used [0x00000000eb600000,0x00000000ec797788,0x00000000ed500000)
  from space 2624K, 99% used [0x00000000ed790000,0x00000000eda1b7f0,0x00000000eda20000)
  to   space 2624K, 0% used [0x00000000ed500000,0x00000000ed500000,0x00000000ed790000)
 ParOldGen       total 42240K, used 1086K [0x00000000c2200000, 0x00000000c4b40000, 0x00000000eb600000)
  object space 42240K, 2% used [0x00000000c2200000,0x00000000c230f850,0x00000000c4b40000)
 PSPermGen       total 21248K, used 6255K [0x00000000bd000000, 0x00000000be4c0000, 0x00000000c2200000)
  object space 21248K, 29% used [0x00000000bd000000,0x00000000bd61be10,0x00000000be4c0000)
GC Heap History (4 events):
Event: 1.387 GC heap before
{Heap before GC invocations=1 (full 0):
 PSYoungGen      total 18496K, used 15844K [0x00000000eb600000, 0x00000000ecaa0000, 0x0000000100000000)
  eden space 15872K, 99% used [0x00000000eb600000,0x00000000ec579390,0x00000000ec580000)
  from space 2624K, 0% used [0x00000000ec810000,0x00000000ec810000,0x00000000ecaa0000)
  to   space 2624K, 0% used [0x00000000ec580000,0x00000000ec580000,0x00000000ec810000)
 ParOldGen       total 42240K, used 0K [0x00000000c2200000, 0x00000000c4b40000, 0x00000000eb600000)
  object space 42240K, 0% used [0x00000000c2200000,0x00000000c2200000,0x00000000c4b40000)
 PSPermGen       total 21248K, used 5613K [0x00000000bd000000, 0x00000000be4c0000, 0x00000000c2200000)
  object space 21248K, 26% used [0x00000000bd000000,0x00000000bd57b400,0x00000000be4c0000)
Event: 1.427 GC heap after
Heap after GC invocations=1 (full 0):
 PSYoungGen      total 18496K, used 2271K [0x00000000eb600000, 0x00000000eda20000, 0x0000000100000000)
  eden space 15872K, 0% used [0x00000000eb600000,0x00000000eb600000,0x00000000ec580000)
  from space 2624K, 86% used [0x00000000ec580000,0x00000000ec7b7fb8,0x00000000ec810000)
  to   space 2624K, 0% used [0x00000000ed790000,0x00000000ed790000,0x00000000eda20000)
 ParOldGen       total 42240K, used 8K [0x00000000c2200000, 0x00000000c4b40000, 0x00000000eb600000)
  object space 42240K, 0% used [0x00000000c2200000,0x00000000c2202000,0x00000000c4b40000)
 PSPermGen       total 21248K, used 5613K [0x00000000bd000000, 0x00000000be4c0000, 0x00000000c2200000)
  object space 21248K, 26% used [0x00000000bd000000,0x00000000bd57b400,0x00000000be4c0000)
}
Event: 56.833 GC heap before
{Heap before GC invocations=2 (full 0):
 PSYoungGen      total 18496K, used 18143K [0x00000000eb600000, 0x00000000eda20000, 0x0000000100000000)
  eden space 15872K, 100% used [0x00000000eb600000,0x00000000ec580000,0x00000000ec580000)
  from space 2624K, 86% used [0x00000000ec580000,0x00000000ec7b7fb8,0x00000000ec810000)
  to   space 2624K, 0% used [0x00000000ed790000,0x00000000ed790000,0x00000000eda20000)
 ParOldGen       total 42240K, used 8K [0x00000000c2200000, 0x00000000c4b40000, 0x00000000eb600000)
  object space 42240K, 0% used [0x00000000c2200000,0x00000000c2202000,0x00000000c4b40000)
 PSPermGen       total 21248K, used 6242K [0x00000000bd000000, 0x00000000be4c0000, 0x00000000c2200000)
  object space 21248K, 29% used [0x00000000bd000000,0x00000000bd618bb0,0x00000000be4c0000)
Event: 56.846 GC heap after
Heap after GC invocations=2 (full 0):
 PSYoungGen      total 34368K, used 2605K [0x00000000eb600000, 0x00000000eda20000, 0x0000000100000000)
  eden space 31744K, 0% used [0x00000000eb600000,0x00000000eb600000,0x00000000ed500000)
  from space 2624K, 99% used [0x00000000ed790000,0x00000000eda1b7f0,0x00000000eda20000)
  to   space 2624K, 0% used [0x00000000ed500000,0x00000000ed500000,0x00000000ed790000)
 ParOldGen       total 42240K, used 1086K [0x00000000c2200000, 0x00000000c4b40000, 0x00000000eb600000)
  object space 42240K, 2% used [0x00000000c2200000,0x00000000c230f850,0x00000000c4b40000)
 PSPermGen       total 21248K, used 6242K [0x00000000bd000000, 0x00000000be4c0000, 0x00000000c2200000)
  object space 21248K, 29% used [0x00000000bd000000,0x00000000bd618bb0,0x00000000be4c0000)
}

