# JRE version: 7.0_09-b05
# Java VM: Java HotSpot(TM) 64-Bit Server VM (23.5-b02 mixed mode windows-amd64 compressed oops)
Heap
 PSYoungGen      total 18496K, used 9455K [0x00000000eb600000, 0x00000000ecaa0000, 0x0000000100000000)
  eden space 15872K, 43% used [0x00000000eb600000,0x00000000ebcb3f98,0x00000000ec580000)
  from space 2624K, 98% used [0x00000000ec810000,0x00000000eca98018,0x00000000ecaa0000)
  to   space 2624K, 0% used [0x00000000ec580000,0x00000000ec580000,0x00000000ec810000)
 ParOldGen       total 42240K, used 4127K [0x00000000c2200000, 0x00000000c4b40000, 0x00000000eb600000)
  object space 42240K, 9% used [0x00000000c2200000,0x00000000c2607e40,0x00000000c4b40000)
 PSPermGen       total 21248K, used 6203K [0x00000000bd000000, 0x00000000be4c0000, 0x00000000c2200000)
  object space 21248K, 29% used [0x00000000bd000000,0x00000000bd60efe0,0x00000000be4c0000)
GC Heap History (4 events):
Event: 1.332 GC heap before
{Heap before GC invocations=1 (full 0):
 PSYoungGen      total 18496K, used 15844K [0x00000000eb600000, 0x00000000ecaa0000, 0x0000000100000000)
  eden space 15872K, 99% used [0x00000000eb600000,0x00000000ec579390,0x00000000ec580000)
  from space 2624K, 0% used [0x00000000ec810000,0x00000000ec810000,0x00000000ecaa0000)
  to   space 2624K, 0% used [0x00000000ec580000,0x00000000ec580000,0x00000000ec810000)
 ParOldGen       total 42240K, used 0K [0x00000000c2200000, 0x00000000c4b40000, 0x00000000eb600000)
  object space 42240K, 0% used [0x00000000c2200000,0x00000000c2200000,0x00000000c4b40000)
 PSPermGen       total 21248K, used 5613K [0x00000000bd000000, 0x00000000be4c0000, 0x00000000c2200000)
  object space 21248K, 26% used [0x00000000bd000000,0x00000000bd57b440,0x00000000be4c0000)
Event: 1.341 GC heap after
Heap after GC invocations=1 (full 0):
 PSYoungGen      total 18496K, used 2271K [0x00000000eb600000, 0x00000000ecaa0000, 0x0000000100000000)
  eden space 15872K, 0% used [0x00000000eb600000,0x00000000eb600000,0x00000000ec580000)
  from space 2624K, 86% used [0x00000000ec580000,0x00000000ec7b7fb8,0x00000000ec810000)
  to   space 2624K, 0% used [0x00000000ec810000,0x00000000ec810000,0x00000000ecaa0000)
 ParOldGen       total 42240K, used 8K [0x00000000c2200000, 0x00000000c4b40000, 0x00000000eb600000)
  object space 42240K, 0% used [0x00000000c2200000,0x00000000c2202000,0x00000000c4b40000)
 PSPermGen       total 21248K, used 5613K [0x00000000bd000000, 0x00000000be4c0000, 0x00000000c2200000)
  object space 21248K, 26% used [0x00000000bd000000,0x00000000bd57b440,0x00000000be4c0000)
}
Event: 25.233 GC heap before
{Heap before GC invocations=2 (full 0):
 PSYoungGen      total 18496K, used 18143K [0x00000000eb600000, 0x00000000ecaa0000, 0x0000000100000000)
  eden space 15872K, 100% used [0x00000000eb600000,0x00000000ec580000,0x00000000ec580000)
  from space 2624K, 86% used [0x00000000ec580000,0x00000000ec7b7fb8,0x00000000ec810000)
  to   space 2624K, 0% used [0x00000000ec810000,0x00000000ec810000,0x00000000ecaa0000)
 ParOldGen       total 42240K, used 8K [0x00000000c2200000, 0x00000000c4b40000, 0x00000000eb600000)
  object space 42240K, 0% used [0x00000000c2200000,0x00000000c2202000,0x00000000c4b40000)
 PSPermGen       total 21248K, used 6203K [0x00000000bd000000, 0x00000000be4c0000, 0x00000000c2200000)
  object space 21248K, 29% used [0x00000000bd000000,0x00000000bd60efe0,0x00000000be4c0000)
Event: 25.244 GC heap after
Heap after GC invocations=2 (full 0):
 PSYoungGen      total 18496K, used 2592K [0x00000000eb600000, 0x00000000ecaa0000, 0x0000000100000000)
  eden space 15872K, 0% used [0x00000000eb600000,0x00000000eb600000,0x00000000ec580000)
  from space 2624K, 98% used [0x00000000ec810000,0x00000000eca98018,0x00000000ecaa0000)
  to   space 2624K, 0% used [0x00000000ec580000,0x00000000ec580000,0x00000000ec810000)
 ParOldGen       total 42240K, used 4127K [0x00000000c2200000, 0x00000000c4b40000, 0x00000000eb600000)
  object space 42240K, 9% used [0x00000000c2200000,0x00000000c2607e40,0x00000000c4b40000)
 PSPermGen       total 21248K, used 6203K [0x00000000bd000000, 0x00000000be4c0000, 0x00000000c2200000)
  object space 21248K, 29% used [0x00000000bd000000,0x00000000bd60efe0,0x00000000be4c0000)
}

