# JRE version: 7.0_09-b05
# Java VM: Java HotSpot(TM) 64-Bit Server VM (23.5-b02 mixed mode windows-amd64 compressed oops)
Heap
 PSYoungGen      total 34368K, used 13103K [0x00000000eb600000, 0x00000000eda20000, 0x0000000100000000)
  eden space 31744K, 33% used [0x00000000eb600000,0x00000000ec03da20,0x00000000ed500000)
  from space 2624K, 99% used [0x00000000ed790000,0x00000000eda1e4c0,0x00000000eda20000)
  to   space 2624K, 0% used [0x00000000ed500000,0x00000000ed500000,0x00000000ed790000)
 ParOldGen       total 42240K, used 22698K [0x00000000c2200000, 0x00000000c4b40000, 0x00000000eb600000)
  object space 42240K, 53% used [0x00000000c2200000,0x00000000c382aab8,0x00000000c4b40000)
 PSPermGen       total 21248K, used 6177K [0x00000000bd000000, 0x00000000be4c0000, 0x00000000c2200000)
  object space 21248K, 29% used [0x00000000bd000000,0x00000000bd608668,0x00000000be4c0000)
GC Heap History (8 events):
Event: 1.309 GC heap before
{Heap before GC invocations=1 (full 0):
 PSYoungGen      total 18496K, used 15814K [0x00000000eb600000, 0x00000000ecaa0000, 0x0000000100000000)
  eden space 15872K, 99% used [0x00000000eb600000,0x00000000ec571ae8,0x00000000ec580000)
  from space 2624K, 0% used [0x00000000ec810000,0x00000000ec810000,0x00000000ecaa0000)
  to   space 2624K, 0% used [0x00000000ec580000,0x00000000ec580000,0x00000000ec810000)
 ParOldGen       total 42240K, used 0K [0x00000000c2200000, 0x00000000c4b40000, 0x00000000eb600000)
  object space 42240K, 0% used [0x00000000c2200000,0x00000000c2200000,0x00000000c4b40000)
 PSPermGen       total 21248K, used 5613K [0x00000000bd000000, 0x00000000be4c0000, 0x00000000c2200000)
  object space 21248K, 26% used [0x00000000bd000000,0x00000000bd57b670,0x00000000be4c0000)
Event: 1.314 GC heap after
Heap after GC invocations=1 (full 0):
 PSYoungGen      total 18496K, used 2254K [0x00000000eb600000, 0x00000000ecaa0000, 0x0000000100000000)
  eden space 15872K, 0% used [0x00000000eb600000,0x00000000eb600000,0x00000000ec580000)
  from space 2624K, 85% used [0x00000000ec580000,0x00000000ec7b3878,0x00000000ec810000)
  to   space 2624K, 0% used [0x00000000ec810000,0x00000000ec810000,0x00000000ecaa0000)
 ParOldGen       total 42240K, used 8K [0x00000000c2200000, 0x00000000c4b40000, 0x00000000eb600000)
  object space 42240K, 0% used [0x00000000c2200000,0x00000000c2202000,0x00000000c4b40000)
 PSPermGen       total 21248K, used 5613K [0x00000000bd000000, 0x00000000be4c0000, 0x00000000c2200000)
  object space 21248K, 26% used [0x00000000bd000000,0x00000000bd57b670,0x00000000be4c0000)
}
Event: 11.058 GC heap before
{Heap before GC invocations=2 (full 0):
 PSYoungGen      total 18496K, used 18126K [0x00000000eb600000, 0x00000000ecaa0000, 0x0000000100000000)
  eden space 15872K, 100% used [0x00000000eb600000,0x00000000ec580000,0x00000000ec580000)
  from space 2624K, 85% used [0x00000000ec580000,0x00000000ec7b3878,0x00000000ec810000)
  to   space 2624K, 0% used [0x00000000ec810000,0x00000000ec810000,0x00000000ecaa0000)
 ParOldGen       total 42240K, used 8K [0x00000000c2200000, 0x00000000c4b40000, 0x00000000eb600000)
  object space 42240K, 0% used [0x00000000c2200000,0x00000000c2202000,0x00000000c4b40000)
 PSPermGen       total 21248K, used 6176K [0x00000000bd000000, 0x00000000be4c0000, 0x00000000c2200000)
  object space 21248K, 29% used [0x00000000bd000000,0x00000000bd608328,0x00000000be4c0000)
Event: 11.075 GC heap after
Heap after GC invocations=2 (full 0):
 PSYoungGen      total 18496K, used 2605K [0x00000000eb600000, 0x00000000ecaa0000, 0x0000000100000000)
  eden space 15872K, 0% used [0x00000000eb600000,0x00000000eb600000,0x00000000ec580000)
  from space 2624K, 99% used [0x00000000ec810000,0x00000000eca9b6e0,0x00000000ecaa0000)
  to   space 2624K, 0% used [0x00000000ec580000,0x00000000ec580000,0x00000000ec810000)
 ParOldGen       total 42240K, used 5936K [0x00000000c2200000, 0x00000000c4b40000, 0x00000000eb600000)
  object space 42240K, 14% used [0x00000000c2200000,0x00000000c27cc228,0x00000000c4b40000)
 PSPermGen       total 21248K, used 6176K [0x00000000bd000000, 0x00000000be4c0000, 0x00000000c2200000)
  object space 21248K, 29% used [0x00000000bd000000,0x00000000bd608328,0x00000000be4c0000)
}
Event: 11.403 GC heap before
{Heap before GC invocations=3 (full 0):
 PSYoungGen      total 18496K, used 18285K [0x00000000eb600000, 0x00000000ecaa0000, 0x0000000100000000)
  eden space 15872K, 98% used [0x00000000eb600000,0x00000000ec54fd70,0x00000000ec580000)
  from space 2624K, 99% used [0x00000000ec810000,0x00000000eca9b6e0,0x00000000ecaa0000)
  to   space 2624K, 0% used [0x00000000ec580000,0x00000000ec580000,0x00000000ec810000)
 ParOldGen       total 42240K, used 5936K [0x00000000c2200000, 0x00000000c4b40000, 0x00000000eb600000)
  object space 42240K, 14% used [0x00000000c2200000,0x00000000c27cc228,0x00000000c4b40000)
 PSPermGen       total 21248K, used 6177K [0x00000000bd000000, 0x00000000be4c0000, 0x00000000c2200000)
  object space 21248K, 29% used [0x00000000bd000000,0x00000000bd608668,0x00000000be4c0000)
Event: 11.424 GC heap after
Heap after GC invocations=3 (full 0):
 PSYoungGen      total 18496K, used 2605K [0x00000000eb600000, 0x00000000eda20000, 0x0000000100000000)
  eden space 15872K, 0% used [0x00000000eb600000,0x00000000eb600000,0x00000000ec580000)
  from space 2624K, 99% used [0x00000000ec580000,0x00000000ec80b6d8,0x00000000ec810000)
  to   space 2624K, 0% used [0x00000000ed790000,0x00000000ed790000,0x00000000eda20000)
 ParOldGen       total 42240K, used 13999K [0x00000000c2200000, 0x00000000c4b40000, 0x00000000eb600000)
  object space 42240K, 33% used [0x00000000c2200000,0x00000000c2fabe10,0x00000000c4b40000)
 PSPermGen       total 21248K, used 6177K [0x00000000bd000000, 0x00000000be4c0000, 0x00000000c2200000)
  object space 21248K, 29% used [0x00000000bd000000,0x00000000bd608668,0x00000000be4c0000)
}
Event: 11.588 GC heap before
{Heap before GC invocations=4 (full 0):
 PSYoungGen      total 18496K, used 18477K [0x00000000eb600000, 0x00000000eda20000, 0x0000000100000000)
  eden space 15872K, 100% used [0x00000000eb600000,0x00000000ec580000,0x00000000ec580000)
  from space 2624K, 99% used [0x00000000ec580000,0x00000000ec80b6d8,0x00000000ec810000)
  to   space 2624K, 0% used [0x00000000ed790000,0x00000000ed790000,0x00000000eda20000)
 ParOldGen       total 42240K, used 13999K [0x00000000c2200000, 0x00000000c4b40000, 0x00000000eb600000)
  object space 42240K, 33% used [0x00000000c2200000,0x00000000c2fabe10,0x00000000c4b40000)
 PSPermGen       total 21248K, used 6177K [0x00000000bd000000, 0x00000000be4c0000, 0x00000000c2200000)
  object space 21248K, 29% used [0x00000000bd000000,0x00000000bd608668,0x00000000be4c0000)
Event: 11.610 GC heap after
Heap after GC invocations=4 (full 0):
 PSYoungGen      total 34368K, used 2617K [0x00000000eb600000, 0x00000000eda20000, 0x0000000100000000)
  eden space 31744K, 0% used [0x00000000eb600000,0x00000000eb600000,0x00000000ed500000)
  from space 2624K, 99% used [0x00000000ed790000,0x00000000eda1e4c0,0x00000000eda20000)
  to   space 2624K, 0% used [0x00000000ed500000,0x00000000ed500000,0x00000000ed790000)
 ParOldGen       total 42240K, used 22698K [0x00000000c2200000, 0x00000000c4b40000, 0x00000000eb600000)
  object space 42240K, 53% used [0x00000000c2200000,0x00000000c382aab8,0x00000000c4b40000)
 PSPermGen       total 21248K, used 6177K [0x00000000bd000000, 0x00000000be4c0000, 0x00000000c2200000)
  object space 21248K, 29% used [0x00000000bd000000,0x00000000bd608668,0x00000000be4c0000)
}

