# JRE version: 7.0_09-b05
# Java VM: Java HotSpot(TM) 64-Bit Server VM (23.5-b02 mixed mode windows-amd64 compressed oops)
Heap
 PSYoungGen      total 34368K, used 12497K [0x00000000eb600000, 0x00000000eda20000, 0x0000000100000000)
  eden space 31744K, 31% used [0x00000000eb600000,0x00000000ebfa53c8,0x00000000ed500000)
  from space 2624K, 99% used [0x00000000ed790000,0x00000000eda1f260,0x00000000eda20000)
  to   space 2624K, 0% used [0x00000000ed500000,0x00000000ed500000,0x00000000ed790000)
 ParOldGen       total 42240K, used 19242K [0x00000000c2200000, 0x00000000c4b40000, 0x00000000eb600000)
  object space 42240K, 45% used [0x00000000c2200000,0x00000000c34ca8c8,0x00000000c4b40000)
 PSPermGen       total 21248K, used 6215K [0x00000000bd000000, 0x00000000be4c0000, 0x00000000c2200000)
  object space 21248K, 29% used [0x00000000bd000000,0x00000000bd611e10,0x00000000be4c0000)
GC Heap History (8 events):
Event: 1.264 GC heap before
{Heap before GC invocations=1 (full 0):
 PSYoungGen      total 18496K, used 15844K [0x00000000eb600000, 0x00000000ecaa0000, 0x0000000100000000)
  eden space 15872K, 99% used [0x00000000eb600000,0x00000000ec579390,0x00000000ec580000)
  from space 2624K, 0% used [0x00000000ec810000,0x00000000ec810000,0x00000000ecaa0000)
  to   space 2624K, 0% used [0x00000000ec580000,0x00000000ec580000,0x00000000ec810000)
 ParOldGen       total 42240K, used 0K [0x00000000c2200000, 0x00000000c4b40000, 0x00000000eb600000)
  object space 42240K, 0% used [0x00000000c2200000,0x00000000c2200000,0x00000000c4b40000)
 PSPermGen       total 21248K, used 5612K [0x00000000bd000000, 0x00000000be4c0000, 0x00000000c2200000)
  object space 21248K, 26% used [0x00000000bd000000,0x00000000bd57b3a0,0x00000000be4c0000)
Event: 1.271 GC heap after
Heap after GC invocations=1 (full 0):
 PSYoungGen      total 18496K, used 2255K [0x00000000eb600000, 0x00000000ecaa0000, 0x0000000100000000)
  eden space 15872K, 0% used [0x00000000eb600000,0x00000000eb600000,0x00000000ec580000)
  from space 2624K, 85% used [0x00000000ec580000,0x00000000ec7b3f80,0x00000000ec810000)
  to   space 2624K, 0% used [0x00000000ec810000,0x00000000ec810000,0x00000000ecaa0000)
 ParOldGen       total 42240K, used 8K [0x00000000c2200000, 0x00000000c4b40000, 0x00000000eb600000)
  object space 42240K, 0% used [0x00000000c2200000,0x00000000c2202000,0x00000000c4b40000)
 PSPermGen       total 21248K, used 5612K [0x00000000bd000000, 0x00000000be4c0000, 0x00000000c2200000)
  object space 21248K, 26% used [0x00000000bd000000,0x00000000bd57b3a0,0x00000000be4c0000)
}
Event: 37.718 GC heap before
{Heap before GC invocations=2 (full 0):
 PSYoungGen      total 18496K, used 17886K [0x00000000eb600000, 0x00000000ecaa0000, 0x0000000100000000)
  eden space 15872K, 98% used [0x00000000eb600000,0x00000000ec543900,0x00000000ec580000)
  from space 2624K, 85% used [0x00000000ec580000,0x00000000ec7b3f80,0x00000000ec810000)
  to   space 2624K, 0% used [0x00000000ec810000,0x00000000ec810000,0x00000000ecaa0000)
 ParOldGen       total 42240K, used 8K [0x00000000c2200000, 0x00000000c4b40000, 0x00000000eb600000)
  object space 42240K, 0% used [0x00000000c2200000,0x00000000c2202000,0x00000000c4b40000)
 PSPermGen       total 21248K, used 6215K [0x00000000bd000000, 0x00000000be4c0000, 0x00000000c2200000)
  object space 21248K, 29% used [0x00000000bd000000,0x00000000bd611dd0,0x00000000be4c0000)
Event: 37.729 GC heap after
Heap after GC invocations=2 (full 0):
 PSYoungGen      total 18496K, used 2623K [0x00000000eb600000, 0x00000000ecaa0000, 0x0000000100000000)
  eden space 15872K, 0% used [0x00000000eb600000,0x00000000eb600000,0x00000000ec580000)
  from space 2624K, 99% used [0x00000000ec810000,0x00000000eca9fcc0,0x00000000ecaa0000)
  to   space 2624K, 0% used [0x00000000ec580000,0x00000000ec580000,0x00000000ec810000)
 ParOldGen       total 42240K, used 3335K [0x00000000c2200000, 0x00000000c4b40000, 0x00000000eb600000)
  object space 42240K, 7% used [0x00000000c2200000,0x00000000c2541ed0,0x00000000c4b40000)
 PSPermGen       total 21248K, used 6215K [0x00000000bd000000, 0x00000000be4c0000, 0x00000000c2200000)
  object space 21248K, 29% used [0x00000000bd000000,0x00000000bd611dd0,0x00000000be4c0000)
}
Event: 38.174 GC heap before
{Heap before GC invocations=3 (full 0):
 PSYoungGen      total 18496K, used 18495K [0x00000000eb600000, 0x00000000ecaa0000, 0x0000000100000000)
  eden space 15872K, 100% used [0x00000000eb600000,0x00000000ec580000,0x00000000ec580000)
  from space 2624K, 99% used [0x00000000ec810000,0x00000000eca9fcc0,0x00000000ecaa0000)
  to   space 2624K, 0% used [0x00000000ec580000,0x00000000ec580000,0x00000000ec810000)
 ParOldGen       total 42240K, used 3335K [0x00000000c2200000, 0x00000000c4b40000, 0x00000000eb600000)
  object space 42240K, 7% used [0x00000000c2200000,0x00000000c2541ed0,0x00000000c4b40000)
 PSPermGen       total 21248K, used 6215K [0x00000000bd000000, 0x00000000be4c0000, 0x00000000c2200000)
  object space 21248K, 29% used [0x00000000bd000000,0x00000000bd611e10,0x00000000be4c0000)
Event: 38.194 GC heap after
Heap after GC invocations=3 (full 0):
 PSYoungGen      total 18496K, used 2607K [0x00000000eb600000, 0x00000000eda20000, 0x0000000100000000)
  eden space 15872K, 0% used [0x00000000eb600000,0x00000000eb600000,0x00000000ec580000)
  from space 2624K, 99% used [0x00000000ec580000,0x00000000ec80be58,0x00000000ec810000)
  to   space 2624K, 0% used [0x00000000ed790000,0x00000000ed790000,0x00000000eda20000)
 ParOldGen       total 42240K, used 11055K [0x00000000c2200000, 0x00000000c4b40000, 0x00000000eb600000)
  object space 42240K, 26% used [0x00000000c2200000,0x00000000c2ccbd78,0x00000000c4b40000)
 PSPermGen       total 21248K, used 6215K [0x00000000bd000000, 0x00000000be4c0000, 0x00000000c2200000)
  object space 21248K, 29% used [0x00000000bd000000,0x00000000bd611e10,0x00000000be4c0000)
}
Event: 38.528 GC heap before
{Heap before GC invocations=4 (full 0):
 PSYoungGen      total 18496K, used 18479K [0x00000000eb600000, 0x00000000eda20000, 0x0000000100000000)
  eden space 15872K, 100% used [0x00000000eb600000,0x00000000ec580000,0x00000000ec580000)
  from space 2624K, 99% used [0x00000000ec580000,0x00000000ec80be58,0x00000000ec810000)
  to   space 2624K, 0% used [0x00000000ed790000,0x00000000ed790000,0x00000000eda20000)
 ParOldGen       total 42240K, used 11055K [0x00000000c2200000, 0x00000000c4b40000, 0x00000000eb600000)
  object space 42240K, 26% used [0x00000000c2200000,0x00000000c2ccbd78,0x00000000c4b40000)
 PSPermGen       total 21248K, used 6215K [0x00000000bd000000, 0x00000000be4c0000, 0x00000000c2200000)
  object space 21248K, 29% used [0x00000000bd000000,0x00000000bd611e10,0x00000000be4c0000)
Event: 38.558 GC heap after
Heap after GC invocations=4 (full 0):
 PSYoungGen      total 34368K, used 2620K [0x00000000eb600000, 0x00000000eda20000, 0x0000000100000000)
  eden space 31744K, 0% used [0x00000000eb600000,0x00000000eb600000,0x00000000ed500000)
  from space 2624K, 99% used [0x00000000ed790000,0x00000000eda1f260,0x00000000eda20000)
  to   space 2624K, 0% used [0x00000000ed500000,0x00000000ed500000,0x00000000ed790000)
 ParOldGen       total 42240K, used 19242K [0x00000000c2200000, 0x00000000c4b40000, 0x00000000eb600000)
  object space 42240K, 45% used [0x00000000c2200000,0x00000000c34ca8c8,0x00000000c4b40000)
 PSPermGen       total 21248K, used 6215K [0x00000000bd000000, 0x00000000be4c0000, 0x00000000c2200000)
  object space 21248K, 29% used [0x00000000bd000000,0x00000000bd611e10,0x00000000be4c0000)
}

